c:\users\admin\desktop\vires vtd\_797\vclient\vclient\debug\vclient.pch
c:\users\admin\desktop\vires vtd\_797\vclient\vclient\debug\stdafx.obj
c:\users\admin\desktop\vires vtd\_797\vclient\vclient\debug\vc100.pdb
c:\users\admin\desktop\vires vtd\_797\vclient\vclient\debug\dllmain.obj
c:\users\admin\desktop\vires vtd\_797\vclient\vclient\debug\rdbhandler.obj
c:\users\admin\desktop\vires vtd\_797\vclient\vclient\debug\vclient.obj
c:\users\admin\desktop\vires vtd\_797\vclient\debug\vclient.dll
c:\users\admin\desktop\vires vtd\_797\vclient\vclient\debug\vclient.dll.intermediate.manifest
c:\users\admin\desktop\vires vtd\_797\vclient\debug\vclient.pdb
c:\users\admin\desktop\vires vtd\_797\vclient\debug\vclient.lib
c:\users\admin\desktop\vires vtd\_797\vclient\debug\vclient.exp
c:\users\admin\desktop\vires vtd\_797\vclient\vclient\debug\cl.command.1.tlog
c:\users\admin\desktop\vires vtd\_797\vclient\vclient\debug\cl.read.1.tlog
c:\users\admin\desktop\vires vtd\_797\vclient\vclient\debug\cl.write.1.tlog
c:\users\admin\desktop\vires vtd\_797\vclient\vclient\debug\link.command.1.tlog
c:\users\admin\desktop\vires vtd\_797\vclient\vclient\debug\link.read.1.tlog
c:\users\admin\desktop\vires vtd\_797\vclient\vclient\debug\link.write.1.tlog
c:\users\admin\desktop\vires vtd\_797\vclient\vclient\debug\mt.command.1.tlog
c:\users\admin\desktop\vires vtd\_797\vclient\vclient\debug\mt.read.1.tlog
c:\users\admin\desktop\vires vtd\_797\vclient\vclient\debug\mt.write.1.tlog
c:\users\admin\desktop\vires vtd\_797\vclient\vclient\debug\vclient.write.1.tlog
c:\users\admin\desktop\vires vtd\_797\vclient\vclient\debug\vc100.idb
