Der Buildvorgang wurde am 28.06.2017 16:22:21 gestartet.
     1>Projekt "C:\Users\admin\Desktop\Vires VTD\_797\vclient\vclient\vclient.vcxproj" auf Knoten "2", Rebuild Ziel(e).
     1>ClCompile:
         c:\Program Files (x86)\Microsoft Visual Studio 10.0\VC\bin\CL.exe /c /ZI /nologo /W3 /WX- /Od /Oy- /D WIN32 /D _DEBUG /D _WINDOWS /D _USRDLL /D VCLIENT_EXPORTS /D _WINDLL /D _UNICODE /D UNICODE /Gm /EHsc /RTC1 /MDd /GS /fp:precise /Zc:wchar_t /Zc:forScope /Yc"StdAfx.h" /Fp"Debug\vclient.pch" /Fo"Debug\\" /Fd"Debug\vc100.pdb" /Gd /TP /analyze- /errorReport:prompt stdafx.cpp
         stdafx.cpp
         c:\Program Files (x86)\Microsoft Visual Studio 10.0\VC\bin\CL.exe /c /ZI /nologo /W3 /WX- /Od /Oy- /D WIN32 /D _DEBUG /D _WINDOWS /D _USRDLL /D VCLIENT_EXPORTS /D _WINDLL /D _UNICODE /D UNICODE /Gm /EHsc /RTC1 /MDd /GS /fp:precise /Zc:wchar_t /Zc:forScope /Fo"Debug\\" /Fd"Debug\vc100.pdb" /Gd /TP /analyze- /errorReport:prompt dllmain.cpp
         dllmain.cpp
         c:\Program Files (x86)\Microsoft Visual Studio 10.0\VC\bin\CL.exe /c /ZI /nologo /W3 /WX- /Od /Oy- /D WIN32 /D _DEBUG /D _WINDOWS /D _USRDLL /D VCLIENT_EXPORTS /D _WINDLL /D _UNICODE /D UNICODE /Gm /EHsc /RTC1 /MDd /GS /fp:precise /Zc:wchar_t /Zc:forScope /Yu"StdAfx.h" /Fp"Debug\vclient.pch" /Fo"Debug\\" /Fd"Debug\vc100.pdb" /Gd /TP /analyze- /errorReport:prompt RDBHandler.cc vclient.cpp
         vclient.cpp
         RDBHandler.cc
     1>c:\users\admin\desktop\vires vtd\_797\vclient\vclient\rdbhandler.cc(3163): warning C4305: 'argument' : truncation from 'int' to 'bool'
     1>c:\users\admin\desktop\vires vtd\_797\vclient\vclient\rdbhandler.cc(3184): warning C4305: 'argument' : truncation from 'int' to 'bool'
     1>c:\users\admin\desktop\vires vtd\_797\vclient\vclient\rdbhandler.cc(3191): warning C4305: 'argument' : truncation from 'int' to 'bool'
     1>c:\users\admin\desktop\vires vtd\_797\vclient\vclient\rdbhandler.cc(3198): warning C4305: 'argument' : truncation from 'int' to 'bool'
     1>c:\users\admin\desktop\vires vtd\_797\vclient\vclient\rdbhandler.cc(3261): warning C4305: 'argument' : truncation from 'int' to 'bool'
     1>c:\users\admin\desktop\vires vtd\_797\vclient\vclient\rdbhandler.cc(3289): warning C4305: 'argument' : truncation from 'int' to 'bool'
         Generating Code...
       Link:
         c:\Program Files (x86)\Microsoft Visual Studio 10.0\VC\bin\link.exe /ERRORREPORT:PROMPT /OUT:"C:\Users\admin\Desktop\Vires VTD\_797\vclient\Debug\vclient.dll" /INCREMENTAL:NO /NOLOGO kernel32.lib user32.lib gdi32.lib winspool.lib comdlg32.lib advapi32.lib shell32.lib ole32.lib oleaut32.lib uuid.lib odbc32.lib odbccp32.lib /MANIFEST /ManifestFile:"Debug\vclient.dll.intermediate.manifest" /MANIFESTUAC:"level='asInvoker' uiAccess='false'" /DEBUG /PDB:"C:\Users\admin\Desktop\Vires VTD\_797\vclient\Debug\vclient.pdb" /SUBSYSTEM:WINDOWS /TLBID:1 /DYNAMICBASE /NXCOMPAT /IMPLIB:"C:\Users\admin\Desktop\Vires VTD\_797\vclient\Debug\vclient.lib" /MACHINE:X86 /DLL Debug\dllmain.obj
         Debug\RDBHandler.obj
         Debug\stdafx.obj
         Debug\vclient.obj
     1>dllmain.obj : warning LNK4075: ignoring '/EDITANDCONTINUE' due to '/INCREMENTAL:NO' specification
            Creating library C:\Users\admin\Desktop\Vires VTD\_797\vclient\Debug\vclient.lib and object C:\Users\admin\Desktop\Vires VTD\_797\vclient\Debug\vclient.exp
         vclient.vcxproj -> C:\Users\admin\Desktop\Vires VTD\_797\vclient\Debug\vclient.dll
       Manifest:
         C:\Program Files (x86)\Microsoft SDKs\Windows\v7.0A\bin\mt.exe /nologo /verbose /outputresource:"C:\Users\admin\Desktop\Vires VTD\_797\vclient\Debug\vclient.dll;#2" /manifest Debug\vclient.dll.intermediate.manifest
     1>Die Erstellung des Projekts "C:\Users\admin\Desktop\Vires VTD\_797\vclient\vclient\vclient.vcxproj" ist abgeschlossen, Rebuild Ziel(e).

Build erfolgreich.

Verstrichene Zeit 00:00:01.55
