C:\USERS\ADMIN\DESKTOP\VIRES VTD\_797\VCLIENT\RELEASE\VCLIENT.DLL
C:\Users\admin\Desktop\Vires VTD\_797\vclient\Release\vclient.exp
C:\Users\admin\Desktop\Vires VTD\_797\vclient\Release\vclient.lib
C:\USERS\ADMIN\DESKTOP\VIRES VTD\_797\VCLIENT\RELEASE\VCLIENT.PDB
C:\USERS\ADMIN\DESKTOP\VIRES VTD\_797\VCLIENT\VCLIENT\RELEASE\DLLMAIN.OBJ
C:\USERS\ADMIN\DESKTOP\VIRES VTD\_797\VCLIENT\VCLIENT\RELEASE\RDBHANDLER.OBJ
C:\USERS\ADMIN\DESKTOP\VIRES VTD\_797\VCLIENT\VCLIENT\RELEASE\STDAFX.OBJ
C:\USERS\ADMIN\DESKTOP\VIRES VTD\_797\VCLIENT\VCLIENT\RELEASE\VC100.PDB
C:\USERS\ADMIN\DESKTOP\VIRES VTD\_797\VCLIENT\VCLIENT\RELEASE\VCLIENT.DLL.INTERMEDIATE.MANIFEST
C:\USERS\ADMIN\DESKTOP\VIRES VTD\_797\VCLIENT\VCLIENT\RELEASE\VCLIENT.OBJ
C:\USERS\ADMIN\DESKTOP\VIRES VTD\_797\VCLIENT\VCLIENT\RELEASE\VCLIENT.PCH
U:\NI Projects\Skoda Auto\2018 08 EV HIL\2019 01 10 Vires VTD CD\Vires-VTD-Custom-device 2018 save\vclient\Release\vclient.pdb
U:\NI Projects\Skoda Auto\2018 08 EV HIL\2019 01 10 Vires VTD CD\Vires-VTD-Custom-device 2018 save\vclient\vclient\Release\cl.command.1.tlog
U:\NI Projects\Skoda Auto\2018 08 EV HIL\2019 01 10 Vires VTD CD\Vires-VTD-Custom-device 2018 save\vclient\vclient\Release\CL.read.1.tlog
U:\NI Projects\Skoda Auto\2018 08 EV HIL\2019 01 10 Vires VTD CD\Vires-VTD-Custom-device 2018 save\vclient\vclient\Release\CL.write.1.tlog
U:\NI Projects\Skoda Auto\2018 08 EV HIL\2019 01 10 Vires VTD CD\Vires-VTD-Custom-device 2018 save\vclient\vclient\Release\dllmain.obj
U:\NI Projects\Skoda Auto\2018 08 EV HIL\2019 01 10 Vires VTD CD\Vires-VTD-Custom-device 2018 save\vclient\vclient\Release\link.command.1.tlog
U:\NI Projects\Skoda Auto\2018 08 EV HIL\2019 01 10 Vires VTD CD\Vires-VTD-Custom-device 2018 save\vclient\vclient\Release\link.read.1.tlog
U:\NI Projects\Skoda Auto\2018 08 EV HIL\2019 01 10 Vires VTD CD\Vires-VTD-Custom-device 2018 save\vclient\vclient\Release\link.write.1.tlog
U:\NI Projects\Skoda Auto\2018 08 EV HIL\2019 01 10 Vires VTD CD\Vires-VTD-Custom-device 2018 save\vclient\vclient\Release\mt.command.1.tlog
U:\NI Projects\Skoda Auto\2018 08 EV HIL\2019 01 10 Vires VTD CD\Vires-VTD-Custom-device 2018 save\vclient\vclient\Release\mt.read.1.tlog
U:\NI Projects\Skoda Auto\2018 08 EV HIL\2019 01 10 Vires VTD CD\Vires-VTD-Custom-device 2018 save\vclient\vclient\Release\mt.write.1.tlog
U:\NI Projects\Skoda Auto\2018 08 EV HIL\2019 01 10 Vires VTD CD\Vires-VTD-Custom-device 2018 save\vclient\vclient\Release\RDBHandler.obj
U:\NI Projects\Skoda Auto\2018 08 EV HIL\2019 01 10 Vires VTD CD\Vires-VTD-Custom-device 2018 save\vclient\vclient\Release\stdafx.obj
U:\NI Projects\Skoda Auto\2018 08 EV HIL\2019 01 10 Vires VTD CD\Vires-VTD-Custom-device 2018 save\vclient\vclient\Release\vc100.pdb
U:\NI Projects\Skoda Auto\2018 08 EV HIL\2019 01 10 Vires VTD CD\Vires-VTD-Custom-device 2018 save\vclient\vclient\Release\vclient.dll.intermediate.manifest
U:\NI Projects\Skoda Auto\2018 08 EV HIL\2019 01 10 Vires VTD CD\Vires-VTD-Custom-device 2018 save\vclient\vclient\Release\vclient.obj
U:\NI Projects\Skoda Auto\2018 08 EV HIL\2019 01 10 Vires VTD CD\Vires-VTD-Custom-device 2018 save\vclient\vclient\Release\vclient.pch
U:\NI Projects\Skoda Auto\2018 08 EV HIL\2019 01 10 Vires VTD CD\Vires-VTD-Custom-device 2018 save\vclient\vclient\Release\vclient.write.1.tlog
